C:\USERS\IKEDA.TATSUYA\DOCUMENTS\VISUAL STUDIO 2010\PROJECTS\GL31_20160915_01\DEBUG\AXIS.OBJ
C:\USERS\IKEDA.TATSUYA\DOCUMENTS\VISUAL STUDIO 2010\PROJECTS\GL31_20160915_01\DEBUG\CAMERAGL.OBJ
C:\USERS\IKEDA.TATSUYA\DOCUMENTS\VISUAL STUDIO 2010\PROJECTS\GL31_20160915_01\DEBUG\GL31_20160630_01.RES
C:\USERS\IKEDA.TATSUYA\DOCUMENTS\VISUAL STUDIO 2010\PROJECTS\GL31_20160915_01\DEBUG\GL31_20160915_01.EXE
C:\USERS\IKEDA.TATSUYA\DOCUMENTS\VISUAL STUDIO 2010\PROJECTS\GL31_20160915_01\DEBUG\GL31_20160915_01.EXE.EMBED.MANIFEST
C:\USERS\IKEDA.TATSUYA\DOCUMENTS\VISUAL STUDIO 2010\PROJECTS\GL31_20160915_01\DEBUG\GL31_20160915_01.EXE.EMBED.MANIFEST.RES
C:\USERS\IKEDA.TATSUYA\DOCUMENTS\VISUAL STUDIO 2010\PROJECTS\GL31_20160915_01\DEBUG\GL31_20160915_01.EXE.INTERMEDIATE.MANIFEST
C:\USERS\IKEDA.TATSUYA\DOCUMENTS\VISUAL STUDIO 2010\PROJECTS\GL31_20160915_01\DEBUG\GL31_20160915_01.ILK
C:\USERS\IKEDA.TATSUYA\DOCUMENTS\VISUAL STUDIO 2010\PROJECTS\GL31_20160915_01\DEBUG\GL31_20160915_01.PDB
C:\USERS\IKEDA.TATSUYA\DOCUMENTS\VISUAL STUDIO 2010\PROJECTS\GL31_20160915_01\DEBUG\GLID.OBJ
C:\USERS\IKEDA.TATSUYA\DOCUMENTS\VISUAL STUDIO 2010\PROJECTS\GL31_20160915_01\DEBUG\INPUT.OBJ
C:\USERS\IKEDA.TATSUYA\DOCUMENTS\VISUAL STUDIO 2010\PROJECTS\GL31_20160915_01\DEBUG\LIGHTGL.OBJ
C:\USERS\IKEDA.TATSUYA\DOCUMENTS\VISUAL STUDIO 2010\PROJECTS\GL31_20160915_01\DEBUG\MAIN.OBJ
C:\USERS\IKEDA.TATSUYA\DOCUMENTS\VISUAL STUDIO 2010\PROJECTS\GL31_20160915_01\DEBUG\MANAGER.OBJ
C:\USERS\IKEDA.TATSUYA\DOCUMENTS\VISUAL STUDIO 2010\PROJECTS\GL31_20160915_01\DEBUG\RENDERERGL.OBJ
C:\USERS\IKEDA.TATSUYA\DOCUMENTS\VISUAL STUDIO 2010\PROJECTS\GL31_20160915_01\DEBUG\SCENE2DGL.OBJ
C:\USERS\IKEDA.TATSUYA\DOCUMENTS\VISUAL STUDIO 2010\PROJECTS\GL31_20160915_01\DEBUG\SCENE3DGL.OBJ
C:\USERS\IKEDA.TATSUYA\DOCUMENTS\VISUAL STUDIO 2010\PROJECTS\GL31_20160915_01\DEBUG\SCENEGL.OBJ
C:\USERS\IKEDA.TATSUYA\DOCUMENTS\VISUAL STUDIO 2010\PROJECTS\GL31_20160915_01\DEBUG\SCENEMODEL.OBJ
C:\USERS\IKEDA.TATSUYA\DOCUMENTS\VISUAL STUDIO 2010\PROJECTS\GL31_20160915_01\DEBUG\SOUND.OBJ
C:\USERS\IKEDA.TATSUYA\DOCUMENTS\VISUAL STUDIO 2010\PROJECTS\GL31_20160915_01\DEBUG\VC100.PDB
C:\Users\ikeda.tatsuya\Documents\Visual Studio 2010\Projects\GL31_20160916_01\Debug\axis.obj
C:\Users\ikeda.tatsuya\Documents\Visual Studio 2010\Projects\GL31_20160916_01\Debug\cameraGL.obj
C:\Users\ikeda.tatsuya\Documents\Visual Studio 2010\Projects\GL31_20160916_01\Debug\cl.command.1.tlog
C:\Users\ikeda.tatsuya\Documents\Visual Studio 2010\Projects\GL31_20160916_01\Debug\CL.read.1.tlog
C:\Users\ikeda.tatsuya\Documents\Visual Studio 2010\Projects\GL31_20160916_01\Debug\CL.write.1.tlog
C:\Users\ikeda.tatsuya\Documents\Visual Studio 2010\Projects\GL31_20160916_01\Debug\GL31_20160630_01.res
C:\Users\ikeda.tatsuya\Documents\Visual Studio 2010\Projects\GL31_20160916_01\Debug\GL31_20160915_01.exe.embed.manifest
C:\Users\ikeda.tatsuya\Documents\Visual Studio 2010\Projects\GL31_20160916_01\Debug\GL31_20160915_01.exe.embed.manifest.res
C:\Users\ikeda.tatsuya\Documents\Visual Studio 2010\Projects\GL31_20160916_01\Debug\GL31_20160915_01.exe.intermediate.manifest
C:\Users\ikeda.tatsuya\Documents\Visual Studio 2010\Projects\GL31_20160916_01\Debug\GL31_20160915_01.ilk
C:\Users\ikeda.tatsuya\Documents\Visual Studio 2010\Projects\GL31_20160916_01\Debug\GL31_20160915_01.pdb
C:\Users\ikeda.tatsuya\Documents\Visual Studio 2010\Projects\GL31_20160916_01\Debug\GL31_20160915_01.write.1.tlog
C:\Users\ikeda.tatsuya\Documents\Visual Studio 2010\Projects\GL31_20160916_01\Debug\GL31_20160915_01_manifest.rc
C:\Users\ikeda.tatsuya\Documents\Visual Studio 2010\Projects\GL31_20160916_01\Debug\glid.obj
C:\Users\ikeda.tatsuya\Documents\Visual Studio 2010\Projects\GL31_20160916_01\Debug\input.obj
C:\Users\ikeda.tatsuya\Documents\Visual Studio 2010\Projects\GL31_20160916_01\Debug\lightGL.obj
C:\Users\ikeda.tatsuya\Documents\Visual Studio 2010\Projects\GL31_20160916_01\Debug\link.4092.read.1.tlog
C:\Users\ikeda.tatsuya\Documents\Visual Studio 2010\Projects\GL31_20160916_01\Debug\link.4092.write.1.tlog
C:\Users\ikeda.tatsuya\Documents\Visual Studio 2010\Projects\GL31_20160916_01\Debug\link.4092-cvtres.read.1.tlog
C:\Users\ikeda.tatsuya\Documents\Visual Studio 2010\Projects\GL31_20160916_01\Debug\link.4092-cvtres.write.1.tlog
C:\Users\ikeda.tatsuya\Documents\Visual Studio 2010\Projects\GL31_20160916_01\Debug\link.4356.read.1.tlog
C:\Users\ikeda.tatsuya\Documents\Visual Studio 2010\Projects\GL31_20160916_01\Debug\link.4356.write.1.tlog
C:\Users\ikeda.tatsuya\Documents\Visual Studio 2010\Projects\GL31_20160916_01\Debug\link.4356-cvtres.read.1.tlog
C:\Users\ikeda.tatsuya\Documents\Visual Studio 2010\Projects\GL31_20160916_01\Debug\link.4356-cvtres.write.1.tlog
C:\Users\ikeda.tatsuya\Documents\Visual Studio 2010\Projects\GL31_20160916_01\Debug\link.command.1.tlog
C:\Users\ikeda.tatsuya\Documents\Visual Studio 2010\Projects\GL31_20160916_01\Debug\link.read.1.tlog
C:\Users\ikeda.tatsuya\Documents\Visual Studio 2010\Projects\GL31_20160916_01\Debug\link.write.1.tlog
C:\Users\ikeda.tatsuya\Documents\Visual Studio 2010\Projects\GL31_20160916_01\Debug\link-cvtres.read.1.tlog
C:\Users\ikeda.tatsuya\Documents\Visual Studio 2010\Projects\GL31_20160916_01\Debug\link-cvtres.write.1.tlog
C:\Users\ikeda.tatsuya\Documents\Visual Studio 2010\Projects\GL31_20160916_01\Debug\main.obj
C:\Users\ikeda.tatsuya\Documents\Visual Studio 2010\Projects\GL31_20160916_01\Debug\manager.obj
C:\Users\ikeda.tatsuya\Documents\Visual Studio 2010\Projects\GL31_20160916_01\Debug\mt.command.1.tlog
C:\Users\ikeda.tatsuya\Documents\Visual Studio 2010\Projects\GL31_20160916_01\Debug\mt.read.1.tlog
C:\Users\ikeda.tatsuya\Documents\Visual Studio 2010\Projects\GL31_20160916_01\Debug\mt.write.1.tlog
C:\Users\ikeda.tatsuya\Documents\Visual Studio 2010\Projects\GL31_20160916_01\Debug\rc.command.1.tlog
C:\Users\ikeda.tatsuya\Documents\Visual Studio 2010\Projects\GL31_20160916_01\Debug\rc.read.1.tlog
C:\Users\ikeda.tatsuya\Documents\Visual Studio 2010\Projects\GL31_20160916_01\Debug\rc.write.1.tlog
C:\Users\ikeda.tatsuya\Documents\Visual Studio 2010\Projects\GL31_20160916_01\Debug\rendererGL.obj
C:\Users\ikeda.tatsuya\Documents\Visual Studio 2010\Projects\GL31_20160916_01\Debug\scene2DGL.obj
C:\Users\ikeda.tatsuya\Documents\Visual Studio 2010\Projects\GL31_20160916_01\Debug\scene3DGL.obj
C:\Users\ikeda.tatsuya\Documents\Visual Studio 2010\Projects\GL31_20160916_01\Debug\sceneGL.obj
C:\Users\ikeda.tatsuya\Documents\Visual Studio 2010\Projects\GL31_20160916_01\Debug\sceneModel.obj
C:\Users\ikeda.tatsuya\Documents\Visual Studio 2010\Projects\GL31_20160916_01\Debug\sound.obj
C:\Users\ikeda.tatsuya\Documents\Visual Studio 2010\Projects\GL31_20160916_01\Debug\vc100.idb
C:\Users\ikeda.tatsuya\Documents\Visual Studio 2010\Projects\GL31_20160916_01\Debug\vc100.pdb
