C:\USERS\IKEDA.TATSUYA\DOCUMENTS\VISUAL STUDIO 2010\PROJECTS\GL31_FRAMEWORK_01\DEBUG\CAMERAGL.OBJ
C:\USERS\IKEDA.TATSUYA\DOCUMENTS\VISUAL STUDIO 2010\PROJECTS\GL31_FRAMEWORK_01\DEBUG\FADE.OBJ
C:\USERS\IKEDA.TATSUYA\DOCUMENTS\VISUAL STUDIO 2010\PROJECTS\GL31_FRAMEWORK_01\DEBUG\FIELD.OBJ
C:\USERS\IKEDA.TATSUYA\DOCUMENTS\VISUAL STUDIO 2010\PROJECTS\GL31_FRAMEWORK_01\DEBUG\GAME.OBJ
C:\USERS\IKEDA.TATSUYA\DOCUMENTS\VISUAL STUDIO 2010\PROJECTS\GL31_FRAMEWORK_01\DEBUG\GAMETIME.OBJ
C:\USERS\IKEDA.TATSUYA\DOCUMENTS\VISUAL STUDIO 2010\PROJECTS\GL31_FRAMEWORK_01\DEBUG\GL31_FRAMEWORK_01.EXE
C:\USERS\IKEDA.TATSUYA\DOCUMENTS\VISUAL STUDIO 2010\PROJECTS\GL31_FRAMEWORK_01\DEBUG\GL31_FRAMEWORK_01.EXE.EMBED.MANIFEST
C:\USERS\IKEDA.TATSUYA\DOCUMENTS\VISUAL STUDIO 2010\PROJECTS\GL31_FRAMEWORK_01\DEBUG\GL31_FRAMEWORK_01.EXE.EMBED.MANIFEST.RES
C:\USERS\IKEDA.TATSUYA\DOCUMENTS\VISUAL STUDIO 2010\PROJECTS\GL31_FRAMEWORK_01\DEBUG\GL31_FRAMEWORK_01.EXE.INTERMEDIATE.MANIFEST
C:\USERS\IKEDA.TATSUYA\DOCUMENTS\VISUAL STUDIO 2010\PROJECTS\GL31_FRAMEWORK_01\DEBUG\GL31_FRAMEWORK_01.ILK
C:\USERS\IKEDA.TATSUYA\DOCUMENTS\VISUAL STUDIO 2010\PROJECTS\GL31_FRAMEWORK_01\DEBUG\GL31_FRAMEWORK_01.PDB
C:\USERS\IKEDA.TATSUYA\DOCUMENTS\VISUAL STUDIO 2010\PROJECTS\GL31_FRAMEWORK_01\DEBUG\GL31_FRAMEWORK_01.RES
C:\USERS\IKEDA.TATSUYA\DOCUMENTS\VISUAL STUDIO 2010\PROJECTS\GL31_FRAMEWORK_01\DEBUG\INPUT.OBJ
C:\USERS\IKEDA.TATSUYA\DOCUMENTS\VISUAL STUDIO 2010\PROJECTS\GL31_FRAMEWORK_01\DEBUG\LIGHTGL.OBJ
C:\USERS\IKEDA.TATSUYA\DOCUMENTS\VISUAL STUDIO 2010\PROJECTS\GL31_FRAMEWORK_01\DEBUG\MAIN.OBJ
C:\USERS\IKEDA.TATSUYA\DOCUMENTS\VISUAL STUDIO 2010\PROJECTS\GL31_FRAMEWORK_01\DEBUG\MANAGER.OBJ
C:\USERS\IKEDA.TATSUYA\DOCUMENTS\VISUAL STUDIO 2010\PROJECTS\GL31_FRAMEWORK_01\DEBUG\MESHFIELD.OBJ
C:\USERS\IKEDA.TATSUYA\DOCUMENTS\VISUAL STUDIO 2010\PROJECTS\GL31_FRAMEWORK_01\DEBUG\NUMBER.OBJ
C:\USERS\IKEDA.TATSUYA\DOCUMENTS\VISUAL STUDIO 2010\PROJECTS\GL31_FRAMEWORK_01\DEBUG\READFILE.OBJ
C:\USERS\IKEDA.TATSUYA\DOCUMENTS\VISUAL STUDIO 2010\PROJECTS\GL31_FRAMEWORK_01\DEBUG\RENDERERGL.OBJ
C:\USERS\IKEDA.TATSUYA\DOCUMENTS\VISUAL STUDIO 2010\PROJECTS\GL31_FRAMEWORK_01\DEBUG\RESULT.OBJ
C:\USERS\IKEDA.TATSUYA\DOCUMENTS\VISUAL STUDIO 2010\PROJECTS\GL31_FRAMEWORK_01\DEBUG\SCENE2DGL.OBJ
C:\USERS\IKEDA.TATSUYA\DOCUMENTS\VISUAL STUDIO 2010\PROJECTS\GL31_FRAMEWORK_01\DEBUG\SCENE3DGL.OBJ
C:\USERS\IKEDA.TATSUYA\DOCUMENTS\VISUAL STUDIO 2010\PROJECTS\GL31_FRAMEWORK_01\DEBUG\SCENEBILLBOARDGL.OBJ
C:\USERS\IKEDA.TATSUYA\DOCUMENTS\VISUAL STUDIO 2010\PROJECTS\GL31_FRAMEWORK_01\DEBUG\SCENEGL.OBJ
C:\USERS\IKEDA.TATSUYA\DOCUMENTS\VISUAL STUDIO 2010\PROJECTS\GL31_FRAMEWORK_01\DEBUG\SCENEMODEL.OBJ
C:\USERS\IKEDA.TATSUYA\DOCUMENTS\VISUAL STUDIO 2010\PROJECTS\GL31_FRAMEWORK_01\DEBUG\SCORE.OBJ
C:\USERS\IKEDA.TATSUYA\DOCUMENTS\VISUAL STUDIO 2010\PROJECTS\GL31_FRAMEWORK_01\DEBUG\SOUND.OBJ
C:\USERS\IKEDA.TATSUYA\DOCUMENTS\VISUAL STUDIO 2010\PROJECTS\GL31_FRAMEWORK_01\DEBUG\TITLE.OBJ
C:\USERS\IKEDA.TATSUYA\DOCUMENTS\VISUAL STUDIO 2010\PROJECTS\GL31_FRAMEWORK_01\DEBUG\TUTORIAL.OBJ
C:\USERS\IKEDA.TATSUYA\DOCUMENTS\VISUAL STUDIO 2010\PROJECTS\GL31_FRAMEWORK_01\DEBUG\VC100.PDB
C:\Users\茜\Documents\testGL\GL31_framework_01\Debug\cameraGL.obj
C:\Users\茜\Documents\testGL\GL31_framework_01\Debug\cl.command.1.tlog
C:\Users\茜\Documents\testGL\GL31_framework_01\Debug\CL.read.1.tlog
C:\Users\茜\Documents\testGL\GL31_framework_01\Debug\CL.write.1.tlog
C:\Users\茜\Documents\testGL\GL31_framework_01\Debug\fade.obj
C:\Users\茜\Documents\testGL\GL31_framework_01\Debug\field.obj
C:\Users\茜\Documents\testGL\GL31_framework_01\Debug\game.obj
C:\Users\茜\Documents\testGL\GL31_framework_01\Debug\gametime.obj
C:\Users\茜\Documents\testGL\GL31_framework_01\Debug\GL31_20160630_01.vcxprojResolveAssemblyReference.cache
C:\Users\茜\Documents\testGL\GL31_framework_01\Debug\GL31_framework_01.exe
C:\Users\茜\Documents\testGL\GL31_framework_01\Debug\GL31_framework_01.exe.embed.manifest
C:\Users\茜\Documents\testGL\GL31_framework_01\Debug\GL31_framework_01.exe.embed.manifest.res
C:\Users\茜\Documents\testGL\GL31_framework_01\Debug\GL31_framework_01.exe.intermediate.manifest
C:\Users\茜\Documents\testGL\GL31_framework_01\Debug\GL31_framework_01.ilk
C:\Users\茜\Documents\testGL\GL31_framework_01\Debug\GL31_framework_01.pdb
C:\Users\茜\Documents\testGL\GL31_framework_01\Debug\GL31_framework_01.res
C:\Users\茜\Documents\testGL\GL31_framework_01\Debug\GL31_framework_01.write.1.tlog
C:\Users\茜\Documents\testGL\GL31_framework_01\Debug\GL31_framework_01_manifest.rc
C:\Users\茜\Documents\testGL\GL31_framework_01\Debug\input.obj
C:\Users\茜\Documents\testGL\GL31_framework_01\Debug\lightGL.obj
C:\Users\茜\Documents\testGL\GL31_framework_01\Debug\link.10160.read.1.tlog
C:\Users\茜\Documents\testGL\GL31_framework_01\Debug\link.10160.write.1.tlog
C:\Users\茜\Documents\testGL\GL31_framework_01\Debug\link.10160-cvtres.read.1.tlog
C:\Users\茜\Documents\testGL\GL31_framework_01\Debug\link.10160-cvtres.write.1.tlog
C:\Users\茜\Documents\testGL\GL31_framework_01\Debug\link.2652.read.1.tlog
C:\Users\茜\Documents\testGL\GL31_framework_01\Debug\link.2652.write.1.tlog
C:\Users\茜\Documents\testGL\GL31_framework_01\Debug\link.2652-cvtres.read.1.tlog
C:\Users\茜\Documents\testGL\GL31_framework_01\Debug\link.2652-cvtres.write.1.tlog
C:\Users\茜\Documents\testGL\GL31_framework_01\Debug\link.5552.read.1.tlog
C:\Users\茜\Documents\testGL\GL31_framework_01\Debug\link.5552.write.1.tlog
C:\Users\茜\Documents\testGL\GL31_framework_01\Debug\link.5552-cvtres.read.1.tlog
C:\Users\茜\Documents\testGL\GL31_framework_01\Debug\link.5552-cvtres.write.1.tlog
C:\Users\茜\Documents\testGL\GL31_framework_01\Debug\link.696.read.1.tlog
C:\Users\茜\Documents\testGL\GL31_framework_01\Debug\link.696.write.1.tlog
C:\Users\茜\Documents\testGL\GL31_framework_01\Debug\link.696-cvtres.read.1.tlog
C:\Users\茜\Documents\testGL\GL31_framework_01\Debug\link.696-cvtres.write.1.tlog
C:\Users\茜\Documents\testGL\GL31_framework_01\Debug\link.7108.read.1.tlog
C:\Users\茜\Documents\testGL\GL31_framework_01\Debug\link.7108.write.1.tlog
C:\Users\茜\Documents\testGL\GL31_framework_01\Debug\link.7108-cvtres.read.1.tlog
C:\Users\茜\Documents\testGL\GL31_framework_01\Debug\link.7108-cvtres.write.1.tlog
C:\Users\茜\Documents\testGL\GL31_framework_01\Debug\link.740.read.1.tlog
C:\Users\茜\Documents\testGL\GL31_framework_01\Debug\link.740.write.1.tlog
C:\Users\茜\Documents\testGL\GL31_framework_01\Debug\link.740-cvtres.read.1.tlog
C:\Users\茜\Documents\testGL\GL31_framework_01\Debug\link.740-cvtres.write.1.tlog
C:\Users\茜\Documents\testGL\GL31_framework_01\Debug\link.7456.read.1.tlog
C:\Users\茜\Documents\testGL\GL31_framework_01\Debug\link.7456.write.1.tlog
C:\Users\茜\Documents\testGL\GL31_framework_01\Debug\link.7456-cvtres.read.1.tlog
C:\Users\茜\Documents\testGL\GL31_framework_01\Debug\link.7456-cvtres.write.1.tlog
C:\Users\茜\Documents\testGL\GL31_framework_01\Debug\link.7524.read.1.tlog
C:\Users\茜\Documents\testGL\GL31_framework_01\Debug\link.7524.write.1.tlog
C:\Users\茜\Documents\testGL\GL31_framework_01\Debug\link.7524-cvtres.read.1.tlog
C:\Users\茜\Documents\testGL\GL31_framework_01\Debug\link.7524-cvtres.write.1.tlog
C:\Users\茜\Documents\testGL\GL31_framework_01\Debug\link.9364.read.1.tlog
C:\Users\茜\Documents\testGL\GL31_framework_01\Debug\link.9364.write.1.tlog
C:\Users\茜\Documents\testGL\GL31_framework_01\Debug\link.9364-cvtres.read.1.tlog
C:\Users\茜\Documents\testGL\GL31_framework_01\Debug\link.9364-cvtres.write.1.tlog
C:\Users\茜\Documents\testGL\GL31_framework_01\Debug\link.command.1.tlog
C:\Users\茜\Documents\testGL\GL31_framework_01\Debug\link.read.1.tlog
C:\Users\茜\Documents\testGL\GL31_framework_01\Debug\link.write.1.tlog
C:\Users\茜\Documents\testGL\GL31_framework_01\Debug\link-cvtres.read.1.tlog
C:\Users\茜\Documents\testGL\GL31_framework_01\Debug\link-cvtres.write.1.tlog
C:\Users\茜\Documents\testGL\GL31_framework_01\Debug\main.obj
C:\Users\茜\Documents\testGL\GL31_framework_01\Debug\manager.obj
C:\Users\茜\Documents\testGL\GL31_framework_01\Debug\meshfield.obj
C:\Users\茜\Documents\testGL\GL31_framework_01\Debug\mt.command.1.tlog
C:\Users\茜\Documents\testGL\GL31_framework_01\Debug\mt.read.1.tlog
C:\Users\茜\Documents\testGL\GL31_framework_01\Debug\mt.write.1.tlog
C:\Users\茜\Documents\testGL\GL31_framework_01\Debug\number.obj
C:\Users\茜\Documents\testGL\GL31_framework_01\Debug\rc.command.1.tlog
C:\Users\茜\Documents\testGL\GL31_framework_01\Debug\rc.read.1.tlog
C:\Users\茜\Documents\testGL\GL31_framework_01\Debug\rc.write.1.tlog
C:\Users\茜\Documents\testGL\GL31_framework_01\Debug\readfile.obj
C:\Users\茜\Documents\testGL\GL31_framework_01\Debug\rendererGL.obj
C:\Users\茜\Documents\testGL\GL31_framework_01\Debug\result.obj
C:\Users\茜\Documents\testGL\GL31_framework_01\Debug\scene2DGL.obj
C:\Users\茜\Documents\testGL\GL31_framework_01\Debug\scene3DGL.obj
C:\Users\茜\Documents\testGL\GL31_framework_01\Debug\sceneBillboardGL.obj
C:\Users\茜\Documents\testGL\GL31_framework_01\Debug\sceneGL.obj
C:\Users\茜\Documents\testGL\GL31_framework_01\Debug\sceneModel.obj
C:\Users\茜\Documents\testGL\GL31_framework_01\Debug\score.obj
C:\Users\茜\Documents\testGL\GL31_framework_01\Debug\sound.obj
C:\Users\茜\Documents\testGL\GL31_framework_01\Debug\title.obj
C:\Users\茜\Documents\testGL\GL31_framework_01\Debug\tutorial.obj
C:\Users\茜\Documents\testGL\GL31_framework_01\Debug\vc100.idb
C:\Users\茜\Documents\testGL\GL31_framework_01\Debug\vc100.pdb
