  tutorial.cpp
  title.cpp
  sound.cpp
  sceneModel.cpp
  sceneGL.cpp
  sceneBillboardGL.cpp
  scene3DGL.cpp
  scene2DGL.cpp
  result.cpp
  rendererGL.cpp
  readfile.cpp
c:\users\ikeda.tatsuya\desktop\授業用\gl31\testgl\gl31_framework_01\readfile.cpp(29): warning C4996: 'fopen': This function or variable may be unsafe. Consider using fopen_s instead. To disable deprecation, use _CRT_SECURE_NO_WARNINGS. See online help for details.
          c:\program files (x86)\microsoft visual studio 10.0\vc\include\stdio.h(234) : 'fopen' の宣言を確認してください。
  number.cpp
  manager.cpp
  main.cpp
c:\users\ikeda.tatsuya\desktop\授業用\gl31\testgl\gl31_framework_01\main.cpp(73): warning C4244: '引数' : 'float' から 'int' への変換です。データが失われる可能性があります。
c:\users\ikeda.tatsuya\desktop\授業用\gl31\testgl\gl31_framework_01\main.cpp(73): warning C4244: '引数' : 'float' から 'int' への変換です。データが失われる可能性があります。
  lightGL.cpp
  input.cpp
  game.cpp
  meshfield.cpp
  score.cpp
  fade.cpp
  コードを生成中...
  コンパイル中...
  cameraGL.cpp
  コードを生成中...
  LINK : 前回のインクリメンタル リンクで C:\Users\ikeda.tatsuya\Desktop\授業用\GL31\TestGL\GL31_framework_01\Debug\GL31_framework_01.exe が見つからなかったか、ビルドされませんでした。フル リンクを行います。
  GL31_20160630_01.vcxproj -> C:\Users\ikeda.tatsuya\Desktop\授業用\GL31\TestGL\GL31_framework_01\Debug\GL31_framework_01.exe
