C:\USERS\IKEDA.TATSUYA\DOCUMENTS\VISUAL STUDIO 2010\PROJECTS\GL31_20160707_01\GL31_20160705_01.EXE
C:\USERS\IKEDA.TATSUYA\DOCUMENTS\VISUAL STUDIO 2010\PROJECTS\GL31_20160707_01\GL31_20160705_01.PDB
C:\USERS\IKEDA.TATSUYA\DOCUMENTS\VISUAL STUDIO 2010\PROJECTS\GL31_20160707_01\RELEASE\AXIS.OBJ
C:\USERS\IKEDA.TATSUYA\DOCUMENTS\VISUAL STUDIO 2010\PROJECTS\GL31_20160707_01\RELEASE\CAMERAGL.OBJ
C:\USERS\IKEDA.TATSUYA\DOCUMENTS\VISUAL STUDIO 2010\PROJECTS\GL31_20160707_01\RELEASE\GL31_20160630_01.RES
C:\USERS\IKEDA.TATSUYA\DOCUMENTS\VISUAL STUDIO 2010\PROJECTS\GL31_20160707_01\RELEASE\GL31_20160705_01.EXE.INTERMEDIATE.MANIFEST
C:\USERS\IKEDA.TATSUYA\DOCUMENTS\VISUAL STUDIO 2010\PROJECTS\GL31_20160707_01\RELEASE\GLID.OBJ
C:\USERS\IKEDA.TATSUYA\DOCUMENTS\VISUAL STUDIO 2010\PROJECTS\GL31_20160707_01\RELEASE\INPUT.OBJ
C:\USERS\IKEDA.TATSUYA\DOCUMENTS\VISUAL STUDIO 2010\PROJECTS\GL31_20160707_01\RELEASE\LIGHTGL.OBJ
C:\USERS\IKEDA.TATSUYA\DOCUMENTS\VISUAL STUDIO 2010\PROJECTS\GL31_20160707_01\RELEASE\MAIN.OBJ
C:\USERS\IKEDA.TATSUYA\DOCUMENTS\VISUAL STUDIO 2010\PROJECTS\GL31_20160707_01\RELEASE\MANAGER.OBJ
C:\USERS\IKEDA.TATSUYA\DOCUMENTS\VISUAL STUDIO 2010\PROJECTS\GL31_20160707_01\RELEASE\RENDERERGL.OBJ
C:\USERS\IKEDA.TATSUYA\DOCUMENTS\VISUAL STUDIO 2010\PROJECTS\GL31_20160707_01\RELEASE\SCENE2DGL.OBJ
C:\USERS\IKEDA.TATSUYA\DOCUMENTS\VISUAL STUDIO 2010\PROJECTS\GL31_20160707_01\RELEASE\SCENE3DGL.OBJ
C:\USERS\IKEDA.TATSUYA\DOCUMENTS\VISUAL STUDIO 2010\PROJECTS\GL31_20160707_01\RELEASE\SCENEGL.OBJ
C:\USERS\IKEDA.TATSUYA\DOCUMENTS\VISUAL STUDIO 2010\PROJECTS\GL31_20160707_01\RELEASE\SCENEMODEL.OBJ
C:\USERS\IKEDA.TATSUYA\DOCUMENTS\VISUAL STUDIO 2010\PROJECTS\GL31_20160707_01\RELEASE\SOUND.OBJ
C:\USERS\IKEDA.TATSUYA\DOCUMENTS\VISUAL STUDIO 2010\PROJECTS\GL31_20160707_01\RELEASE\VC100.PDB
C:\USERS\IKEDA.TATSUYA\DOCUMENTS\VISUAL STUDIO 2010\PROJECTS\GL31_20160708_01\GL31_20160708_01.EXE
C:\USERS\IKEDA.TATSUYA\DOCUMENTS\VISUAL STUDIO 2010\PROJECTS\GL31_20160708_01\GL31_20160708_01.PDB
C:\USERS\IKEDA.TATSUYA\DOCUMENTS\VISUAL STUDIO 2010\PROJECTS\GL31_20160708_01\RELEASE\AXIS.OBJ
C:\USERS\IKEDA.TATSUYA\DOCUMENTS\VISUAL STUDIO 2010\PROJECTS\GL31_20160708_01\RELEASE\CAMERAGL.OBJ
C:\Users\ikeda.tatsuya\Documents\Visual Studio 2010\Projects\GL31_20160708_01\Release\cl.command.1.tlog
C:\Users\ikeda.tatsuya\Documents\Visual Studio 2010\Projects\GL31_20160708_01\Release\CL.read.1.tlog
C:\Users\ikeda.tatsuya\Documents\Visual Studio 2010\Projects\GL31_20160708_01\Release\CL.write.1.tlog
C:\USERS\IKEDA.TATSUYA\DOCUMENTS\VISUAL STUDIO 2010\PROJECTS\GL31_20160708_01\RELEASE\GL31_20160630_01.RES
C:\Users\ikeda.tatsuya\Documents\Visual Studio 2010\Projects\GL31_20160708_01\Release\GL31_20160705_01.exe.intermediate.manifest
C:\Users\ikeda.tatsuya\Documents\Visual Studio 2010\Projects\GL31_20160708_01\Release\GL31_20160705_01.write.1.tlog
C:\USERS\IKEDA.TATSUYA\DOCUMENTS\VISUAL STUDIO 2010\PROJECTS\GL31_20160708_01\RELEASE\GL31_20160708_01.EXE.INTERMEDIATE.MANIFEST
C:\Users\ikeda.tatsuya\Documents\Visual Studio 2010\Projects\GL31_20160708_01\Release\GL31_20160708_01.write.1.tlog
C:\USERS\IKEDA.TATSUYA\DOCUMENTS\VISUAL STUDIO 2010\PROJECTS\GL31_20160708_01\RELEASE\GLID.OBJ
C:\USERS\IKEDA.TATSUYA\DOCUMENTS\VISUAL STUDIO 2010\PROJECTS\GL31_20160708_01\RELEASE\INPUT.OBJ
C:\USERS\IKEDA.TATSUYA\DOCUMENTS\VISUAL STUDIO 2010\PROJECTS\GL31_20160708_01\RELEASE\LIGHTGL.OBJ
C:\Users\ikeda.tatsuya\Documents\Visual Studio 2010\Projects\GL31_20160708_01\Release\link.command.1.tlog
C:\Users\ikeda.tatsuya\Documents\Visual Studio 2010\Projects\GL31_20160708_01\Release\link.read.1.tlog
C:\Users\ikeda.tatsuya\Documents\Visual Studio 2010\Projects\GL31_20160708_01\Release\link.write.1.tlog
C:\Users\ikeda.tatsuya\Documents\Visual Studio 2010\Projects\GL31_20160708_01\Release\link-cvtres.read.1.tlog
C:\Users\ikeda.tatsuya\Documents\Visual Studio 2010\Projects\GL31_20160708_01\Release\link-cvtres.write.1.tlog
C:\USERS\IKEDA.TATSUYA\DOCUMENTS\VISUAL STUDIO 2010\PROJECTS\GL31_20160708_01\RELEASE\MAIN.OBJ
C:\USERS\IKEDA.TATSUYA\DOCUMENTS\VISUAL STUDIO 2010\PROJECTS\GL31_20160708_01\RELEASE\MANAGER.OBJ
C:\Users\ikeda.tatsuya\Documents\Visual Studio 2010\Projects\GL31_20160708_01\Release\mt.command.1.tlog
C:\Users\ikeda.tatsuya\Documents\Visual Studio 2010\Projects\GL31_20160708_01\Release\mt.read.1.tlog
C:\Users\ikeda.tatsuya\Documents\Visual Studio 2010\Projects\GL31_20160708_01\Release\mt.write.1.tlog
C:\Users\ikeda.tatsuya\Documents\Visual Studio 2010\Projects\GL31_20160708_01\Release\rc.command.1.tlog
C:\Users\ikeda.tatsuya\Documents\Visual Studio 2010\Projects\GL31_20160708_01\Release\rc.read.1.tlog
C:\Users\ikeda.tatsuya\Documents\Visual Studio 2010\Projects\GL31_20160708_01\Release\rc.write.1.tlog
C:\USERS\IKEDA.TATSUYA\DOCUMENTS\VISUAL STUDIO 2010\PROJECTS\GL31_20160708_01\RELEASE\RENDERERGL.OBJ
C:\USERS\IKEDA.TATSUYA\DOCUMENTS\VISUAL STUDIO 2010\PROJECTS\GL31_20160708_01\RELEASE\SCENE2DGL.OBJ
C:\USERS\IKEDA.TATSUYA\DOCUMENTS\VISUAL STUDIO 2010\PROJECTS\GL31_20160708_01\RELEASE\SCENE3DGL.OBJ
C:\USERS\IKEDA.TATSUYA\DOCUMENTS\VISUAL STUDIO 2010\PROJECTS\GL31_20160708_01\RELEASE\SCENEGL.OBJ
C:\USERS\IKEDA.TATSUYA\DOCUMENTS\VISUAL STUDIO 2010\PROJECTS\GL31_20160708_01\RELEASE\SCENEMODEL.OBJ
C:\USERS\IKEDA.TATSUYA\DOCUMENTS\VISUAL STUDIO 2010\PROJECTS\GL31_20160708_01\RELEASE\SOUND.OBJ
C:\USERS\IKEDA.TATSUYA\DOCUMENTS\VISUAL STUDIO 2010\PROJECTS\GL31_20160708_01\RELEASE\VC100.PDB
